<?xml version="1.0" encoding="UTF-8" ?>
<testsuite errors="0" failures="0" hostname="dangilcal-Pc" name="gestor_de_archivos_funcional.Gestor_de_archivos_funcionalTest" skipped="0" tests="6" time="21.319" timestamp="2021-12-12T02:40:33">
  <properties>
[...]
</properties>
  <testcase classname="gestor_de_archivos_funcional.Gestor_de_archivos_funcionalTest" name="testCancelarCreacionArchivoOCarperta_OK" time="2.396" />
  <testcase classname="gestor_de_archivos_funcional.Gestor_de_archivos_funcionalTest" name="testCrearCarpetaYEditarYBorrar_OK" time="7.588" />
  <testcase classname="gestor_de_archivos_funcional.Gestor_de_archivos_funcionalTest" name="testOpenAboutMenu_OK" time="0.889" />
  <testcase classname="gestor_de_archivos_funcional.Gestor_de_archivos_funcionalTest" name="testLimpiarTestos_OK" time="0.771" />
  <testcase classname="gestor_de_archivos_funcional.Gestor_de_archivos_funcionalTest" name="testCrearArchivoYEditarYBorrar_OK" time="7.157" />
  <testcase classname="gestor_de_archivos_funcional.Gestor_de_archivos_funcionalTest" name="testGuardarNuevoYBorrar_OK" time="2.462" />
  <system-out><![CDATA[]]></system-out>
  <system-err><![CDATA[dic 12, 2021 3:40:33 AM javafx.fxml.FXMLLoader$ValueElement processValue
WARNING: Loading FXML document with JavaFX API of version 8.0.171 by JavaFX runtime of version 8.0.111
dic 12, 2021 3:40:35 AM javafx.fxml.FXMLLoader$ValueElement processValue
WARNING: Loading FXML document with JavaFX API of version 8.0.171 by JavaFX runtime of version 8.0.111
dic 12, 2021 3:40:36 AM javafx.fxml.FXMLLoader$ValueElement processValue
WARNING: Loading FXML document with JavaFX API of version 8.0.171 by JavaFX runtime of version 8.0.111
dic 12, 2021 3:40:36 AM javafx.fxml.FXMLLoader$ValueElement processValue
WARNING: Loading FXML document with JavaFX API of version 8.0.171 by JavaFX runtime of version 8.0.111
dic 12, 2021 3:40:37 AM javafx.fxml.FXMLLoader$ValueElement processValue
WARNING: Loading FXML document with JavaFX API of version 8.0.171 by JavaFX runtime of version 8.0.111
dic 12, 2021 3:40:40 AM javafx.fxml.FXMLLoader$ValueElement processValue
WARNING: Loading FXML document with JavaFX API of version 8.0.171 by JavaFX runtime of version 8.0.111
dic 12, 2021 3:40:43 AM javafx.fxml.FXMLLoader$ValueElement processValue
WARNING: Loading FXML document with JavaFX API of version 8.0.171 by JavaFX runtime of version 8.0.111
dic 12, 2021 3:40:44 AM javafx.fxml.FXMLLoader$ValueElement processValue
WARNING: Loading FXML document with JavaFX API of version 8.0.171 by JavaFX runtime of version 8.0.111
dic 12, 2021 3:40:44 AM javafx.fxml.FXMLLoader$ValueElement processValue
WARNING: Loading FXML document with JavaFX API of version 8.0.171 by JavaFX runtime of version 8.0.111
dic 12, 2021 3:40:45 AM javafx.fxml.FXMLLoader$ValueElement processValue
WARNING: Loading FXML document with JavaFX API of version 8.0.171 by JavaFX runtime of version 8.0.111
dic 12, 2021 3:40:45 AM javafx.fxml.FXMLLoader$ValueElement processValue
WARNING: Loading FXML document with JavaFX API of version 8.0.171 by JavaFX runtime of version 8.0.111
dic 12, 2021 3:40:46 AM javafx.fxml.FXMLLoader$ValueElement processValue
WARNING: Loading FXML document with JavaFX API of version 8.0.171 by JavaFX runtime of version 8.0.111
dic 12, 2021 3:40:51 AM javafx.fxml.FXMLLoader$ValueElement processValue
WARNING: Loading FXML document with JavaFX API of version 8.0.171 by JavaFX runtime of version 8.0.111
dic 12, 2021 3:40:52 AM javafx.fxml.FXMLLoader$ValueElement processValue
WARNING: Loading FXML document with JavaFX API of version 8.0.171 by JavaFX runtime of version 8.0.111
dic 12, 2021 3:40:52 AM javafx.fxml.FXMLLoader$ValueElement processValue
WARNING: Loading FXML document with JavaFX API of version 8.0.171 by JavaFX runtime of version 8.0.111
]]></system-err>
</testsuite>
